<?xml version="1.0" encoding="UTF-8"?>
<!-- Generated by org.testng.reporters.JUnitReportReporter -->
<testsuite hostname="LAPTOP-6FK0K7HL" failures="0" tests="1" name="contactTest.ToCreateContactwithOrgTest" time="30.658" errors="0" timestamp="5 Feb 2025 05:49:09 GMT">
  <testcase classname="contactTest.ToCreateContactwithOrgTest" name="toCreateContactWithOrgTest_002" time="30.658"/>
</testsuite> <!-- contactTest.ToCreateContactwithOrgTest -->
