<?xml version="1.0" encoding="UTF-8"?>
<!-- Generated by org.testng.reporters.JUnitReportReporter -->
<testsuite hostname="LAPTOP-6FK0K7HL" failures="0" tests="1" name="contactTest.ToCreateContactTest" time="24.815" errors="0" timestamp="5 Feb 2025 05:49:09 GMT">
  <testcase classname="contactTest.ToCreateContactTest" name="toCreateContact_001" time="24.815"/>
</testsuite> <!-- contactTest.ToCreateContactTest -->
