<?xml version="1.0" encoding="UTF-8"?>
<!-- Generated by org.testng.reporters.JUnitReportReporter -->
<testsuite hostname="LAPTOP-6FK0K7HL" failures="0" tests="1" name="organizationTest.ToCreateOrgWithTypeDropdownTest" time="26.438" errors="0" timestamp="5 Feb 2025 05:04:26 GMT">
  <testcase classname="organizationTest.ToCreateOrgWithTypeDropdownTest" name="toCreateOrgWithTypeDropdown_003" time="26.438"/>
</testsuite> <!-- organizationTest.ToCreateOrgWithTypeDropdownTest -->
