<?xml version="1.0" encoding="UTF-8"?>
<!-- Generated by org.testng.reporters.JUnitReportReporter -->
<testsuite hostname="LAPTOP-6FK0K7HL" failures="0" tests="1" name="organizationTest.ToCreateOrgWithChemicalDropdownTest" time="26.845" errors="0" timestamp="5 Feb 2025 05:04:26 GMT">
  <testcase classname="organizationTest.ToCreateOrgWithChemicalDropdownTest" name="toCreateOrgWithChemicalDropdown_002" time="26.845"/>
</testsuite> <!-- organizationTest.ToCreateOrgWithChemicalDropdownTest -->
