<?xml version="1.0" encoding="UTF-8"?>
<!-- Generated by org.testng.reporters.JUnitReportReporter -->
<testsuite hostname="LAPTOP-6FK0K7HL" failures="0" tests="1" name="organizationTest.ToCreateOrgWithChemicalDropdown" time="35.925" errors="0" timestamp="2025-02-01T10:30:47 IST" skipped="0">
  <testcase classname="organizationTest.ToCreateOrgWithChemicalDropdown" name="toCreateOrgWithChemicalDropdown_002" time="35.925"/>
  <system-out/>
</testsuite> <!-- organizationTest.ToCreateOrgWithChemicalDropdown -->
