<?xml version="1.0" encoding="UTF-8"?>
<!-- Generated by org.testng.reporters.JUnitReportReporter -->
<testsuite hostname="LAPTOP-6FK0K7HL" failures="0" tests="1" name="organizationTest.ToCreateOrgWithTypeDropdownTest" time="10.392" errors="0" timestamp="2025-02-13T23:17:28 IST" skipped="0">
  <testcase classname="organizationTest.ToCreateOrgWithTypeDropdownTest" name="toCreateOrgWithTypeDropdown_003" time="10.392"/>
  <system-out/>
</testsuite> <!-- organizationTest.ToCreateOrgWithTypeDropdownTest -->
