<?xml version="1.0" encoding="UTF-8"?>
<!-- Generated by org.testng.reporters.JUnitReportReporter -->
<testsuite hostname="LAPTOP-6FK0K7HL" failures="0" tests="1" name="organizationTest.ToCreateOrgTest" time="11.198" errors="0" timestamp="2025-02-13T23:11:29 IST" skipped="0">
  <testcase classname="organizationTest.ToCreateOrgTest" name="toCreateOrgTest_001" time="11.198"/>
  <system-out/>
</testsuite> <!-- organizationTest.ToCreateOrgTest -->
