<?xml version="1.0" encoding="UTF-8"?>
<!-- Generated by org.testng.reporters.JUnitReportReporter -->
<testsuite hostname="LAPTOP-6FK0K7HL" failures="0" tests="1" name="organizationTest.ToCreateOrgWithTypeDropdownTest" time="57.043" errors="0" timestamp="2025-02-14T08:56:06 IST" skipped="0">
  <testcase classname="organizationTest.ToCreateOrgWithTypeDropdownTest" name="toCreateOrgWithTypeDropdown_003" time="57.043"/>
  <system-out/>
</testsuite> <!-- organizationTest.ToCreateOrgWithTypeDropdownTest -->
