<?xml version="1.0" encoding="UTF-8"?>
<!-- Generated by org.testng.reporters.JUnitReportReporter -->
<testsuite hostname="LAPTOP-6FK0K7HL" failures="0" tests="1" name="contactTest.ToCreateContactwithOrgTest" time="101.722" errors="0" timestamp="2025-02-14T09:10:13 IST" skipped="0">
  <testcase classname="contactTest.ToCreateContactwithOrgTest" name="toCreateContactWithOrgTest_002" time="101.722"/>
  <system-out>
    <![CDATA[Contact with Organization Test create successfully]]>
  </system-out>
</testsuite> <!-- contactTest.ToCreateContactwithOrgTest -->
