<?xml version="1.0" encoding="UTF-8"?>
<!-- Generated by org.testng.reporters.JUnitReportReporter -->
<testsuite hostname="LAPTOP-6FK0K7HL" failures="0" tests="1" name="contactTest.ToCreateContactTest" time="94.447" errors="0" timestamp="2025-02-14T08:54:48 IST" skipped="0">
  <testcase classname="contactTest.ToCreateContactTest" name="toCreateContact_001" time="94.447"/>
  <system-out>
    <![CDATA[Contact create successfully]]>
  </system-out>
</testsuite> <!-- contactTest.ToCreateContactTest -->
