<?xml version="1.0" encoding="UTF-8"?>
<!-- Generated by org.testng.reporters.JUnitReportReporter -->
<testsuite hostname="LAPTOP-6FK0K7HL" failures="0" tests="1" name="organizationTest.ToCreateOrgWithChemicalDropdownTest" time="10.776" errors="0" timestamp="2025-02-13T23:17:06 IST" skipped="0">
  <testcase classname="organizationTest.ToCreateOrgWithChemicalDropdownTest" name="toCreateOrgWithChemicalDropdown_002" time="10.776"/>
  <system-out/>
</testsuite> <!-- organizationTest.ToCreateOrgWithChemicalDropdownTest -->
