<?xml version="1.0" encoding="UTF-8"?>
<!-- Generated by org.testng.reporters.JUnitReportReporter -->
<testsuite hostname="LAPTOP-6FK0K7HL" failures="0" tests="1" name="contactTest.ToCreateContactwithOrgTest" time="30.415" errors="0" timestamp="2025-02-10T11:29:12 IST" skipped="0">
  <testcase classname="contactTest.ToCreateContactwithOrgTest" name="toCreateContactWithOrgTest_002" time="30.415"/>
  <system-out/>
</testsuite> <!-- contactTest.ToCreateContactwithOrgTest -->
