<?xml version="1.0" encoding="UTF-8"?>
<!-- Generated by org.testng.reporters.JUnitReportReporter -->
<testsuite hostname="LAPTOP-6FK0K7HL" failures="0" tests="1" name="organizationTest.ToCreateOrgWithChemicalDropdownTest" time="56.528" errors="0" timestamp="2025-02-14T08:56:06 IST" skipped="0">
  <testcase classname="organizationTest.ToCreateOrgWithChemicalDropdownTest" name="toCreateOrgWithChemicalDropdown_002" time="56.528"/>
  <system-out/>
</testsuite> <!-- organizationTest.ToCreateOrgWithChemicalDropdownTest -->
