<?xml version="1.0" encoding="UTF-8"?>
<!-- Generated by org.testng.reporters.JUnitReportReporter -->
<testsuite hostname="LAPTOP-6FK0K7HL" failures="0" tests="1" name="contactTest.ToCreateContactwithOrgTest" time="12.441" errors="0" timestamp="2025-02-13T23:16:27 IST" skipped="0">
  <testcase classname="contactTest.ToCreateContactwithOrgTest" name="toCreateContactWithOrgTest_002" time="12.441"/>
  <system-out/>
</testsuite> <!-- contactTest.ToCreateContactwithOrgTest -->
