<?xml version="1.0" encoding="UTF-8"?>
<!-- Generated by org.testng.reporters.JUnitReportReporter -->
<testsuite hostname="LAPTOP-6FK0K7HL" failures="0" tests="1" name="contactTest.ToCreateContactTest" time="37.768" errors="0" timestamp="2025-02-13T23:16:27 IST" skipped="0">
  <testcase classname="contactTest.ToCreateContactTest" name="toCreateContact_001" time="37.768"/>
  <system-out>
    <![CDATA[Contact create successfully]]>
  </system-out>
</testsuite> <!-- contactTest.ToCreateContactTest -->
