<?xml version="1.0" encoding="UTF-8"?>
<!-- Generated by org.testng.reporters.JUnitReportReporter -->
<testsuite hostname="LAPTOP-6FK0K7HL" failures="0" tests="1" name="organizationTest.ToCreateOrgTest" time="22.764" errors="0" timestamp="2025-02-01T10:30:47 IST" skipped="0">
  <testcase classname="organizationTest.ToCreateOrgTest" name="toCreateOrgTest_001" time="22.764"/>
  <system-out/>
</testsuite> <!-- organizationTest.ToCreateOrgTest -->
